<?xml version="1.0" encoding="UTF-8"?>
<testsuite name="module 1"
           tests="3"
           failures="0"
           errors="0"
           skipped="0"
           time="0.010">
  <properties />
  
  
            <testcase name="classTwoTest1" time="0.003" classname="TestNGDemo.Demos.ClassTwo" />
                <testcase name="classTwoTest3" time="0.004" classname="TestNGDemo.Demos.ClassTwo" />
                <testcase name="classTwoTest2" time="0.003" classname="TestNGDemo.Demos.ClassTwo" />
      
</testsuite>
